<?xml version="1.0" encoding="UTF-8"?>
<!-- Generated by org.testng.reporters.JUnitXMLReporter -->
<testsuite ignored="0" hostname="TDS-5CG1075YR9" failures="2" tests="3" name="Main Suite" time="7.584" errors="0" timestamp="2021-09-03T17:14:19 IST">
  <testcase classname="tests.Login" name="SignUpTest" time="6.229">
    <failure type="org.apache.xmlbeans.impl.values.XmlValueDisconnectedException">
      <![CDATA[org.apache.xmlbeans.impl.values.XmlValueDisconnectedException
at org.apache.xmlbeans.impl.values.XmlObjectBase.check_orphaned(XmlObjectBase.java:1213)
at org.apache.xmlbeans.impl.values.XmlObjectBase.setterHelper(XmlObjectBase.java:1905)
at org.apache.xmlbeans.impl.values.XmlObjectBase.set(XmlObjectBase.java:1954)
at org.apache.xmlbeans.impl.values.XmlComplexContentImpl.arraySetterHelper(XmlComplexContentImpl.java:1162)
at org.openxmlformats.schemas.spreadsheetml.x2006.main.impl.CTFontsImpl.setFontArray(Unknown Source)
at org.apache.poi.xssf.model.StylesTable.writeTo(StylesTable.java:385)
at org.apache.poi.xssf.model.StylesTable.commit(StylesTable.java:443)
at org.apache.poi.POIXMLDocumentPart.onSave(POIXMLDocumentPart.java:313)
at org.apache.poi.POIXMLDocumentPart.onSave(POIXMLDocumentPart.java:317)
at org.apache.poi.POIXMLDocument.write(POIXMLDocument.java:173)
at mainEngine.KeywordSetup.startExecution(KeywordSetup.java:246)
at tests.Login.SignUpTest(Login.java:47)
at java.base/java.util.concurrent.ThreadPoolExecutor.runWorker(ThreadPoolExecutor.java:1130)
at java.base/java.util.concurrent.ThreadPoolExecutor$Worker.run(ThreadPoolExecutor.java:630)
at java.base/java.lang.Thread.run(Thread.java:831)
... Removed 12 stack frames]]>
    </failure>
  </testcase> <!-- SignUpTest -->
  <testcase classname="tests.Login" name="mavenTest" time="6.291"/>
  <testcase classname="tests.Login" name="LoginTest" time="7.183">
    <failure type="org.apache.xmlbeans.impl.values.XmlValueDisconnectedException">
      <![CDATA[org.apache.xmlbeans.impl.values.XmlValueDisconnectedException
at org.apache.xmlbeans.impl.values.XmlObjectBase.check_orphaned(XmlObjectBase.java:1213)
at org.apache.xmlbeans.impl.values.XmlObjectBase.newCursor(XmlObjectBase.java:243)
at org.apache.xmlbeans.impl.values.XmlComplexContentImpl.arraySetterHelper(XmlComplexContentImpl.java:1073)
at org.openxmlformats.schemas.spreadsheetml.x2006.main.impl.CTFontsImpl.setFontArray(Unknown Source)
at org.apache.poi.xssf.model.StylesTable.writeTo(StylesTable.java:385)
at org.apache.poi.xssf.model.StylesTable.commit(StylesTable.java:443)
at org.apache.poi.POIXMLDocumentPart.onSave(POIXMLDocumentPart.java:313)
at org.apache.poi.POIXMLDocumentPart.onSave(POIXMLDocumentPart.java:317)
at org.apache.poi.POIXMLDocument.write(POIXMLDocument.java:173)
at mainEngine.KeywordSetup.startExecution(KeywordSetup.java:246)
at tests.Login.LoginTest(Login.java:39)
at java.base/java.util.concurrent.ThreadPoolExecutor.runWorker(ThreadPoolExecutor.java:1130)
at java.base/java.util.concurrent.ThreadPoolExecutor$Worker.run(ThreadPoolExecutor.java:630)
at java.base/java.lang.Thread.run(Thread.java:831)
... Removed 12 stack frames]]>
    </failure>
  </testcase> <!-- LoginTest -->
</testsuite> <!-- Main Suite -->
