<?xml version="1.0" encoding="UTF-8"?>
<testng-results ignored="0" total="2" passed="2" failed="0" skipped="0">
  <reporter-output>
  </reporter-output>
  <suite started-at="2022-04-08T13:25:34 IST" name="Execution for Master Framework" finished-at="2022-04-08T13:25:57 IST" duration-ms="22720">
    <groups>
    </groups>
    <test started-at="2022-04-08T13:25:34 IST" name="Main Suite" finished-at="2022-04-08T13:25:57 IST" duration-ms="22720">
      <class name="tests.BookStore">
        <test-method signature="search()[pri:0, instance:tests.BookStore@247d8ae]" started-at="2022-04-08T13:25:34 IST" name="search" finished-at="2022-04-08T13:25:46 IST" duration-ms="11387" status="PASS">
          <reporter-output>
          </reporter-output>
        </test-method> <!-- search -->
      </class> <!-- tests.BookStore -->
      <class name="tests.LoginBookStore">
        <test-method signature="login()[pri:0, instance:tests.LoginBookStore@1e683a3e]" started-at="2022-04-08T13:25:46 IST" name="login" finished-at="2022-04-08T13:25:57 IST" duration-ms="11280" status="PASS">
          <reporter-output>
          </reporter-output>
        </test-method> <!-- login -->
      </class> <!-- tests.LoginBookStore -->
    </test> <!-- Main Suite -->
  </suite> <!-- Execution for Master Framework -->
</testng-results>
