<?xml version="1.0" encoding="UTF-8"?>
<testng-results ignored="0" total="2" passed="2" failed="0" skipped="0">
  <reporter-output>
  </reporter-output>
  <suite started-at="2022-04-06T12:58:52 IST" name="Execution for Master Framework" finished-at="2022-04-06T12:59:24 IST" duration-ms="32037">
    <groups>
    </groups>
    <test started-at="2022-04-06T12:58:52 IST" name="Main Suite" finished-at="2022-04-06T12:59:24 IST" duration-ms="32037">
      <class name="tests.BookStore">
        <test-method signature="search()[pri:0, instance:tests.BookStore@3e92efc3]" started-at="2022-04-06T12:58:52 IST" name="search" finished-at="2022-04-06T12:59:24 IST" duration-ms="31897" status="PASS">
          <reporter-output>
          </reporter-output>
        </test-method> <!-- search -->
      </class> <!-- tests.BookStore -->
      <class name="tests.LoginBookStore">
        <test-method signature="login()[pri:0, instance:tests.LoginBookStore@9225652]" started-at="2022-04-06T12:58:52 IST" name="login" finished-at="2022-04-06T12:59:24 IST" duration-ms="31123" status="PASS">
          <reporter-output>
          </reporter-output>
        </test-method> <!-- login -->
      </class> <!-- tests.LoginBookStore -->
    </test> <!-- Main Suite -->
  </suite> <!-- Execution for Master Framework -->
</testng-results>
